2026-03-12 20:13:14.881 [info] Reading sessions from keychain...
2026-03-12 20:13:14.881 [info] Getting sessions for all scopes...
2026-03-12 20:13:14.881 [info] Got 0 sessions for ...
2026-03-12 20:13:14.881 [info] Getting sessions for all scopes...
2026-03-12 20:13:14.881 [info] Got 0 sessions for ...
2026-03-12 20:13:14.881 [info] Getting sessions for all scopes...
2026-03-12 20:13:14.881 [info] Got 0 sessions for ...
2026-03-12 20:13:14.887 [info] Getting sessions for all scopes...
2026-03-12 20:13:14.887 [info] Got 0 sessions for ...
2026-03-12 20:13:17.088 [info] Getting sessions for all scopes...
2026-03-12 20:13:17.088 [info] Got 0 sessions for ...
2026-03-12 20:13:19.442 [info] Logging in with 'any' account...
2026-03-12 20:13:19.442 [info] Logging in for the following scopes: read:user repo user:email workflow
2026-03-12 20:13:19.450 [info] Trying device code flow... (read:user repo user:email workflow)
2026-03-12 20:14:43.934 [error] User Cancelled
2026-03-12 20:14:47.662 [info] Trying to retrieve PAT... (read:user repo user:email workflow)
2026-03-12 20:15:03.771 [error] User Cancelled
2026-03-12 20:15:15.148 [info] Logging in with 'any' account...
2026-03-12 20:15:15.148 [info] Logging in for the following scopes: read:user repo user:email workflow
2026-03-12 20:15:15.150 [info] Trying device code flow... (read:user repo user:email workflow)
2026-03-12 20:15:31.858 [info] Getting user info...
2026-03-12 20:15:32.157 [info] Got account info!
2026-03-12 20:15:32.157 [info] Storing 1 sessions...
2026-03-12 20:15:42.182 [info] Reading sessions from keychain...
2026-03-12 20:15:42.182 [info] Stored 1 sessions!
2026-03-12 20:15:42.182 [info] Login success!
2026-03-12 20:15:42.183 [info] Got stored sessions!
2026-03-12 20:15:42.183 [info] Got 1 verified sessions.
2026-03-12 20:15:42.284 [info] Getting sessions for all scopes...
2026-03-12 20:15:42.284 [info] Got 1 sessions for ...
2026-03-12 20:15:42.284 [info] Getting sessions for all scopes...
2026-03-12 20:15:42.284 [info] Got 1 sessions for ...
2026-03-12 20:15:51.206 [info] Getting sessions for all scopes...
2026-03-12 20:15:51.206 [info] Got 1 sessions for ...
2026-03-12 20:15:51.206 [info] Getting sessions for all scopes...
2026-03-12 20:15:51.206 [info] Got 1 sessions for ...
2026-03-12 20:15:53.797 [info] Getting sessions for all scopes...
2026-03-12 20:15:53.797 [info] Got 1 sessions for ...
2026-03-12 20:15:53.797 [info] Getting sessions for all scopes...
2026-03-12 20:15:53.798 [info] Got 1 sessions for ...
2026-03-12 20:15:55.344 [info] Getting sessions for all scopes...
2026-03-12 20:15:55.344 [info] Got 1 sessions for ...
2026-03-12 20:15:55.344 [info] Getting sessions for all scopes...
2026-03-12 20:15:55.344 [info] Got 1 sessions for ...
2026-03-12 20:15:58.957 [info] Getting sessions for all scopes...
2026-03-12 20:15:58.957 [info] Got 1 sessions for ...
2026-03-12 20:15:58.957 [info] Getting sessions for all scopes...
2026-03-12 20:15:58.957 [info] Got 1 sessions for ...
2026-03-12 20:16:08.369 [info] Getting sessions for all scopes...
2026-03-12 20:16:08.369 [info] Got 1 sessions for ...
2026-03-12 20:16:09.222 [info] Logging out of 202b1791369cdb5f
2026-03-12 20:16:09.222 [info] Storing 0 sessions...
2026-03-12 20:16:09.223 [info] Reading sessions from keychain...
2026-03-12 20:16:09.223 [info] Stored 0 sessions!
2026-03-12 20:16:09.223 [warning] No client secret configured for GitHub authentication. The token has been deleted with best effort on this system, but we are unable to delete the token on server without the client secret.
2026-03-12 20:16:09.223 [info] Got stored sessions!
2026-03-12 20:16:09.223 [info] Got 0 verified sessions.
2026-03-12 20:16:09.327 [info] Getting sessions for all scopes...
2026-03-12 20:16:09.327 [info] Got 0 sessions for ...
2026-03-12 20:16:09.327 [info] Getting sessions for all scopes...
2026-03-12 20:16:09.327 [info] Got 0 sessions for ...
2026-03-12 20:16:11.940 [info] Logging in with google,  'any' account...
2026-03-12 20:16:11.940 [info] Logging in for the following scopes: read:user repo user:email workflow
2026-03-12 20:16:11.942 [info] Trying device code flow... (read:user repo user:email workflow)
2026-03-12 20:16:18.358 [error] User Cancelled
